[debug] [2024-07-12T09:09:22.626Z] ----------------------------------------------------------------------
[debug] [2024-07-12T09:09:22.629Z] Command:       C:\Program Files\nodejs\node.exe C:\Users\HP-840 G4\AppData\Roaming\npm\node_modules\firebase-tools\lib\bin\firebase.js init
[debug] [2024-07-12T09:09:22.629Z] CLI Version:   13.13.2
[debug] [2024-07-12T09:09:22.630Z] Platform:      win32
[debug] [2024-07-12T09:09:22.630Z] Node Version:  v20.11.1
[debug] [2024-07-12T09:09:22.630Z] Time:          Fri Jul 12 2024 14:39:22 GMT+0530 (India Standard Time)
[debug] [2024-07-12T09:09:22.630Z] ----------------------------------------------------------------------
[debug] 
[debug] [2024-07-12T09:09:22.727Z] > command requires scopes: ["email","openid","https://www.googleapis.com/auth/cloudplatformprojects.readonly","https://www.googleapis.com/auth/firebase","https://www.googleapis.com/auth/cloud-platform"]
[debug] [2024-07-12T09:09:22.727Z] > authorizing via signed-in user (kolli.pavanmurari@gmail.com)
[info] 
     ######## #### ########  ######## ########     ###     ######  ########
     ##        ##  ##     ## ##       ##     ##  ##   ##  ##       ##
     ######    ##  ########  ######   ########  #########  ######  ######
     ##        ##  ##    ##  ##       ##     ## ##     ##       ## ##
     ##       #### ##     ## ######## ########  ##     ##  ######  ########

You're about to initialize a Firebase project in this directory:

  C:\Users\HP-840 G4\Desktop\weather\weather

Before we get started, keep in mind:

  * You are initializing within an existing Firebase project directory

